0 info it worked if it ends with ok
1 verbose cli [ 'C:\\Program Files\\nodejs\\node.exe',
1 verbose cli   'C:\\Program Files\\nodejs\\node_modules\\npm\\bin\\npm-cli.js',
1 verbose cli   'i' ]
2 info using npm@3.10.9
3 info using node@v7.1.0
4 silly loadCurrentTree Starting
5 silly install loadCurrentTree
6 silly install readLocalPackageData
7 silly install normalizeTree
8 silly loadCurrentTree Finishing
9 silly loadIdealTree Starting
10 silly install loadIdealTree
11 silly cloneCurrentTree Starting
12 silly install cloneCurrentTreeToIdealTree
13 silly cloneCurrentTree Finishing
14 silly loadShrinkwrap Starting
15 silly install loadShrinkwrap
16 silly loadShrinkwrap Finishing
17 silly loadAllDepsIntoIdealTree Starting
18 silly install loadAllDepsIntoIdealTree
19 silly fetchNamedPackageData multiwii-msp
20 silly mapToRegistry name multiwii-msp
21 silly mapToRegistry using default registry
22 silly mapToRegistry registry https://registry.npmjs.org/
23 silly mapToRegistry data Result {
23 silly mapToRegistry   raw: 'multiwii-msp',
23 silly mapToRegistry   scope: null,
23 silly mapToRegistry   escapedName: 'multiwii-msp',
23 silly mapToRegistry   name: 'multiwii-msp',
23 silly mapToRegistry   rawSpec: '',
23 silly mapToRegistry   spec: 'latest',
23 silly mapToRegistry   type: 'tag' }
24 silly mapToRegistry uri https://registry.npmjs.org/multiwii-msp
25 verbose request uri https://registry.npmjs.org/multiwii-msp
26 verbose request no auth needed
27 info attempt registry request try #1 at 09:02:26
28 verbose request id d4edcc751533dbb0
29 verbose etag W/"56ab38d4-e677"
30 verbose lastModified Fri, 29 Jan 2016 10:03:00 GMT
31 http request GET https://registry.npmjs.org/multiwii-msp
32 http 304 https://registry.npmjs.org/multiwii-msp
33 verbose headers { date: 'Wed, 21 Dec 2016 08:02:26 GMT',
33 verbose headers   via: '1.1 varnish',
33 verbose headers   'cache-control': 'max-age=300',
33 verbose headers   etag: 'W/"56ab38d4-e677"',
33 verbose headers   age: '280',
33 verbose headers   connection: 'close',
33 verbose headers   'x-served-by': 'cache-cdg8720-CDG',
33 verbose headers   'x-cache': 'HIT',
33 verbose headers   'x-cache-hits': '1',
33 verbose headers   'x-timer': 'S1482307346.214352,VS0,VE0',
33 verbose headers   vary: 'Accept-Encoding' }
34 silly get cb [ 304,
34 silly get   { date: 'Wed, 21 Dec 2016 08:02:26 GMT',
34 silly get     via: '1.1 varnish',
34 silly get     'cache-control': 'max-age=300',
34 silly get     etag: 'W/"56ab38d4-e677"',
34 silly get     age: '280',
34 silly get     connection: 'close',
34 silly get     'x-served-by': 'cache-cdg8720-CDG',
34 silly get     'x-cache': 'HIT',
34 silly get     'x-cache-hits': '1',
34 silly get     'x-timer': 'S1482307346.214352,VS0,VE0',
34 silly get     vary: 'Accept-Encoding' } ]
35 verbose etag https://registry.npmjs.org/multiwii-msp from cache
36 verbose get saving multiwii-msp to C:\Users\saino\AppData\Roaming\npm-cache\registry.npmjs.org\multiwii-msp\.cache.json
37 verbose correctMkdir C:\Users\saino\AppData\Roaming\npm-cache correctMkdir not in flight; initializing
38 silly resolveWithNewModule multiwii-msp@0.0.3-beta-47 checking installable status
39 silly cache add args [ 'multiwii-msp@0.0.3-beta-47', null ]
40 verbose cache add spec multiwii-msp@0.0.3-beta-47
41 silly cache add parsed spec Result {
41 silly cache add   raw: 'multiwii-msp@0.0.3-beta-47',
41 silly cache add   scope: null,
41 silly cache add   escapedName: 'multiwii-msp',
41 silly cache add   name: 'multiwii-msp',
41 silly cache add   rawSpec: '0.0.3-beta-47',
41 silly cache add   spec: '0.0.3-beta-47',
41 silly cache add   type: 'version' }
42 silly addNamed multiwii-msp@0.0.3-beta-47
43 verbose addNamed "0.0.3-beta-47" is a plain semver version for multiwii-msp
44 silly mapToRegistry name multiwii-msp
45 silly mapToRegistry using default registry
46 silly mapToRegistry registry https://registry.npmjs.org/
47 silly mapToRegistry data Result {
47 silly mapToRegistry   raw: 'multiwii-msp',
47 silly mapToRegistry   scope: null,
47 silly mapToRegistry   escapedName: 'multiwii-msp',
47 silly mapToRegistry   name: 'multiwii-msp',
47 silly mapToRegistry   rawSpec: '',
47 silly mapToRegistry   spec: 'latest',
47 silly mapToRegistry   type: 'tag' }
48 silly mapToRegistry uri https://registry.npmjs.org/multiwii-msp
49 verbose addNameVersion registry:https://registry.npmjs.org/multiwii-msp not in flight; fetching
50 verbose get https://registry.npmjs.org/multiwii-msp not expired, no request
51 silly cache afterAdd multiwii-msp@0.0.3-beta-47
52 verbose afterAdd C:\Users\saino\AppData\Roaming\npm-cache\multiwii-msp\0.0.3-beta-47\package\package.json not in flight; writing
53 verbose correctMkdir C:\Users\saino\AppData\Roaming\npm-cache correctMkdir not in flight; initializing
54 verbose afterAdd C:\Users\saino\AppData\Roaming\npm-cache\multiwii-msp\0.0.3-beta-47\package\package.json written
55 silly fetchNamedPackageData fibers
56 silly mapToRegistry name fibers
57 silly mapToRegistry using default registry
58 silly mapToRegistry registry https://registry.npmjs.org/
59 silly mapToRegistry data Result {
59 silly mapToRegistry   raw: 'fibers',
59 silly mapToRegistry   scope: null,
59 silly mapToRegistry   escapedName: 'fibers',
59 silly mapToRegistry   name: 'fibers',
59 silly mapToRegistry   rawSpec: '',
59 silly mapToRegistry   spec: 'latest',
59 silly mapToRegistry   type: 'tag' }
60 silly mapToRegistry uri https://registry.npmjs.org/fibers
61 verbose request uri https://registry.npmjs.org/fibers
62 verbose request no auth needed
63 info attempt registry request try #1 at 09:02:26
64 verbose etag W/"582d0dde-ff08"
65 verbose lastModified Thu, 17 Nov 2016 01:54:38 GMT
66 http request GET https://registry.npmjs.org/fibers
67 http 304 https://registry.npmjs.org/fibers
68 verbose headers { date: 'Wed, 21 Dec 2016 08:02:26 GMT',
68 verbose headers   via: '1.1 varnish',
68 verbose headers   'cache-control': 'max-age=300',
68 verbose headers   etag: 'W/"582d0dde-ff08"',
68 verbose headers   age: '276',
68 verbose headers   connection: 'close',
68 verbose headers   'x-served-by': 'cache-cdg8735-CDG',
68 verbose headers   'x-cache': 'HIT',
68 verbose headers   'x-cache-hits': '1',
68 verbose headers   'x-timer': 'S1482307346.344034,VS0,VE0',
68 verbose headers   vary: 'Accept-Encoding' }
69 silly get cb [ 304,
69 silly get   { date: 'Wed, 21 Dec 2016 08:02:26 GMT',
69 silly get     via: '1.1 varnish',
69 silly get     'cache-control': 'max-age=300',
69 silly get     etag: 'W/"582d0dde-ff08"',
69 silly get     age: '276',
69 silly get     connection: 'close',
69 silly get     'x-served-by': 'cache-cdg8735-CDG',
69 silly get     'x-cache': 'HIT',
69 silly get     'x-cache-hits': '1',
69 silly get     'x-timer': 'S1482307346.344034,VS0,VE0',
69 silly get     vary: 'Accept-Encoding' } ]
70 verbose etag https://registry.npmjs.org/fibers from cache
71 verbose get saving fibers to C:\Users\saino\AppData\Roaming\npm-cache\registry.npmjs.org\fibers\.cache.json
72 verbose correctMkdir C:\Users\saino\AppData\Roaming\npm-cache correctMkdir not in flight; initializing
73 silly resolveWithNewModule fibers@1.0.15 checking installable status
74 silly cache add args [ 'fibers@^1.0.8', null ]
75 verbose cache add spec fibers@^1.0.8
76 silly cache add parsed spec Result {
76 silly cache add   raw: 'fibers@^1.0.8',
76 silly cache add   scope: null,
76 silly cache add   escapedName: 'fibers',
76 silly cache add   name: 'fibers',
76 silly cache add   rawSpec: '^1.0.8',
76 silly cache add   spec: '>=1.0.8 <2.0.0',
76 silly cache add   type: 'range' }
77 silly addNamed fibers@>=1.0.8 <2.0.0
78 verbose addNamed ">=1.0.8 <2.0.0" is a valid semver range for fibers
79 silly addNameRange { name: 'fibers', range: '>=1.0.8 <2.0.0', hasData: false }
80 silly mapToRegistry name fibers
81 silly mapToRegistry using default registry
82 silly mapToRegistry registry https://registry.npmjs.org/
83 silly mapToRegistry data Result {
83 silly mapToRegistry   raw: 'fibers',
83 silly mapToRegistry   scope: null,
83 silly mapToRegistry   escapedName: 'fibers',
83 silly mapToRegistry   name: 'fibers',
83 silly mapToRegistry   rawSpec: '',
83 silly mapToRegistry   spec: 'latest',
83 silly mapToRegistry   type: 'tag' }
84 silly mapToRegistry uri https://registry.npmjs.org/fibers
85 verbose addNameRange registry:https://registry.npmjs.org/fibers not in flight; fetching
86 verbose get https://registry.npmjs.org/fibers not expired, no request
87 silly addNameRange number 2 { name: 'fibers', range: '>=1.0.8 <2.0.0', hasData: true }
88 silly addNameRange versions [ 'fibers',
88 silly addNameRange   [ '0.1.0',
88 silly addNameRange     '0.1.1',
88 silly addNameRange     '0.1.2',
88 silly addNameRange     '0.1.3',
88 silly addNameRange     '0.1.4',
88 silly addNameRange     '0.1.6',
88 silly addNameRange     '0.1.7',
88 silly addNameRange     '0.1.8',
88 silly addNameRange     '0.2.0',
88 silly addNameRange     '0.2.1',
88 silly addNameRange     '0.2.2',
88 silly addNameRange     '0.2.3',
88 silly addNameRange     '0.2.4',
88 silly addNameRange     '0.2.5',
88 silly addNameRange     '0.2.6',
88 silly addNameRange     '0.5.0',
88 silly addNameRange     '0.6.0',
88 silly addNameRange     '0.5.1',
88 silly addNameRange     '0.6.1',
88 silly addNameRange     '0.6.2',
88 silly addNameRange     '0.6.3',
88 silly addNameRange     '0.6.4',
88 silly addNameRange     '0.6.5',
88 silly addNameRange     '0.6.6',
88 silly addNameRange     '0.6.7',
88 silly addNameRange     '0.6.8',
88 silly addNameRange     '0.6.9',
88 silly addNameRange     '1.0.0',
88 silly addNameRange     '1.0.1',
88 silly addNameRange     '1.0.2',
88 silly addNameRange     '1.0.4',
88 silly addNameRange     '1.0.5',
88 silly addNameRange     '1.0.6-b',
88 silly addNameRange     '1.0.7',
88 silly addNameRange     '1.0.8',
88 silly addNameRange     '1.0.9',
88 silly addNameRange     '1.0.10',
88 silly addNameRange     '1.0.11',
88 silly addNameRange     '1.0.12',
88 silly addNameRange     '1.0.13',
88 silly addNameRange     '1.0.14',
88 silly addNameRange     '1.0.15' ] ]
89 silly addNamed fibers@1.0.15
90 verbose addNamed "1.0.15" is a plain semver version for fibers
91 silly cache afterAdd fibers@1.0.15
92 verbose afterAdd C:\Users\saino\AppData\Roaming\npm-cache\fibers\1.0.15\package\package.json not in flight; writing
93 verbose correctMkdir C:\Users\saino\AppData\Roaming\npm-cache correctMkdir not in flight; initializing
94 verbose afterAdd C:\Users\saino\AppData\Roaming\npm-cache\fibers\1.0.15\package\package.json written
95 silly loadAllDepsIntoIdealTree Finishing
96 silly loadIdealTree Finishing
97 silly currentTree dylodrone@1.0.0
97 silly currentTree +-- accepts@1.3.3
97 silly currentTree +-- after@0.8.2
97 silly currentTree +-- array-flatten@1.1.1
97 silly currentTree +-- arraybuffer.slice@0.0.6
97 silly currentTree +-- backo2@1.0.2
97 silly currentTree +-- base64-arraybuffer@0.1.5
97 silly currentTree +-- base64id@1.0.0
97 silly currentTree +-- better-assert@1.0.2
97 silly currentTree +-- bindings@1.2.1
97 silly currentTree +-- blob@0.0.4
97 silly currentTree +-- callsite@1.0.0
97 silly currentTree +-- commander@2.9.0
97 silly currentTree +-- component-bind@1.0.0
97 silly currentTree +-- component-emitter@1.1.2
97 silly currentTree +-- component-inherit@0.0.3
97 silly currentTree +-- content-disposition@0.5.1
97 silly currentTree +-- content-type@1.0.2
97 silly currentTree +-- cookie-signature@1.0.6
97 silly currentTree +-- cookie@0.3.1
97 silly currentTree +-- debug@2.2.0
97 silly currentTree +-- define-properties@1.1.2
97 silly currentTree +-- depd@1.1.0
97 silly currentTree +-- destroy@1.0.4
97 silly currentTree +-- ee-first@1.1.1
97 silly currentTree +-- ejs@2.5.5
97 silly currentTree +-- encodeurl@1.0.1
97 silly currentTree +-- engine.io-client@1.8.2
97 silly currentTree | +-- component-emitter@1.2.1
97 silly currentTree | +-- debug@2.3.3
97 silly currentTree | `-- ms@0.7.2
97 silly currentTree +-- engine.io-parser@1.3.2
97 silly currentTree +-- engine.io@1.8.2
97 silly currentTree | +-- debug@2.3.3
97 silly currentTree | `-- ms@0.7.2
97 silly currentTree +-- escape-html@1.0.3
97 silly currentTree +-- etag@1.7.0
97 silly currentTree +-- express@4.14.0
97 silly currentTree +-- finalhandler@0.5.0
97 silly currentTree +-- foreach@2.0.5
97 silly currentTree +-- forwarded@0.1.0
97 silly currentTree +-- fresh@0.3.0
97 silly currentTree +-- function-bind@1.1.0
97 silly currentTree +-- graceful-readlink@1.0.1
97 silly currentTree +-- has-binary@0.1.7
97 silly currentTree +-- has-cors@1.1.0
97 silly currentTree +-- http-errors@1.5.1
97 silly currentTree +-- immediate@3.0.6
97 silly currentTree +-- indexof@0.0.1
97 silly currentTree +-- inherits@2.0.3
97 silly currentTree +-- ipaddr.js@1.1.1
97 silly currentTree +-- isarray@0.0.1
97 silly currentTree +-- jquery@3.1.1
97 silly currentTree +-- json3@3.3.2
97 silly currentTree +-- lie@3.1.0
97 silly currentTree +-- media-typer@0.3.0
97 silly currentTree +-- merge-descriptors@1.0.1
97 silly currentTree +-- methods@1.1.2
97 silly currentTree +-- mime-db@1.25.0
97 silly currentTree +-- mime-types@2.1.13
97 silly currentTree +-- mime@1.3.4
97 silly currentTree +-- ms@0.7.1
97 silly currentTree +-- nan@2.4.0
97 silly currentTree +-- negotiator@0.6.1
97 silly currentTree +-- nexusui@1.0.8
97 silly currentTree +-- object-assign@4.1.0
97 silly currentTree +-- object-component@0.0.3
97 silly currentTree +-- object-keys@1.0.11
97 silly currentTree +-- object.assign@4.0.4
97 silly currentTree +-- on-finished@2.3.0
97 silly currentTree +-- options@0.0.6
97 silly currentTree +-- parsejson@0.0.3
97 silly currentTree +-- parseqs@0.0.5
97 silly currentTree +-- parseuri@0.0.5
97 silly currentTree +-- parseurl@1.3.1
97 silly currentTree +-- path-to-regexp@0.1.7
97 silly currentTree +-- proxy-addr@1.1.2
97 silly currentTree +-- qs@6.2.0
97 silly currentTree +-- range-parser@1.2.0
97 silly currentTree +-- send@0.14.1
97 silly currentTree +-- serialport@4.0.7
97 silly currentTree | +-- debug@2.5.1
97 silly currentTree | +-- ms@0.7.2
97 silly currentTree | `-- node-pre-gyp@0.6.32
97 silly currentTree |   +-- mkdirp@0.5.1
97 silly currentTree |   | `-- minimist@0.0.8
97 silly currentTree |   +-- nopt@3.0.6
97 silly currentTree |   | `-- abbrev@1.0.9
97 silly currentTree |   +-- npmlog@4.0.1
97 silly currentTree |   | +-- are-we-there-yet@1.1.2
97 silly currentTree |   | | +-- delegates@1.0.0
97 silly currentTree |   | | `-- readable-stream@2.2.2
97 silly currentTree |   | |   +-- buffer-shims@1.0.0
97 silly currentTree |   | |   +-- core-util-is@1.0.2
97 silly currentTree |   | |   +-- inherits@2.0.3
97 silly currentTree |   | |   +-- isarray@1.0.0
97 silly currentTree |   | |   +-- process-nextick-args@1.0.7
97 silly currentTree |   | |   +-- string_decoder@0.10.31
97 silly currentTree |   | |   `-- util-deprecate@1.0.2
97 silly currentTree |   | +-- console-control-strings@1.1.0
97 silly currentTree |   | +-- gauge@2.7.2
97 silly currentTree |   | | +-- aproba@1.0.4
97 silly currentTree |   | | +-- has-unicode@2.0.1
97 silly currentTree |   | | +-- object-assign@4.1.0
97 silly currentTree |   | | +-- signal-exit@3.0.2
97 silly currentTree |   | | +-- string-width@1.0.2
97 silly currentTree |   | | | +-- code-point-at@1.1.0
97 silly currentTree |   | | | `-- is-fullwidth-code-point@1.0.0
97 silly currentTree |   | | |   `-- number-is-nan@1.0.1
97 silly currentTree |   | | +-- strip-ansi@3.0.1
97 silly currentTree |   | | | `-- ansi-regex@2.0.0
97 silly currentTree |   | | +-- supports-color@0.2.0
97 silly currentTree |   | | `-- wide-align@1.1.0
97 silly currentTree |   | `-- set-blocking@2.0.0
97 silly currentTree |   +-- rc@1.1.6
97 silly currentTree |   | +-- deep-extend@0.4.1
97 silly currentTree |   | +-- ini@1.3.4
97 silly currentTree |   | +-- minimist@1.2.0
97 silly currentTree |   | `-- strip-json-comments@1.0.4
97 silly currentTree |   +-- request@2.79.0
97 silly currentTree |   | +-- aws-sign2@0.6.0
97 silly currentTree |   | +-- aws4@1.5.0
97 silly currentTree |   | +-- caseless@0.11.0
97 silly currentTree |   | +-- combined-stream@1.0.5
97 silly currentTree |   | | `-- delayed-stream@1.0.0
97 silly currentTree |   | +-- extend@3.0.0
97 silly currentTree |   | +-- forever-agent@0.6.1
97 silly currentTree |   | +-- form-data@2.1.2
97 silly currentTree |   | | `-- asynckit@0.4.0
97 silly currentTree |   | +-- har-validator@2.0.6
97 silly currentTree |   | | +-- chalk@1.1.3
97 silly currentTree |   | | | +-- ansi-styles@2.2.1
97 silly currentTree |   | | | +-- escape-string-regexp@1.0.5
97 silly currentTree |   | | | +-- has-ansi@2.0.0
97 silly currentTree |   | | | | `-- ansi-regex@2.0.0
97 silly currentTree |   | | | +-- strip-ansi@3.0.1
97 silly currentTree |   | | | | `-- ansi-regex@2.0.0
97 silly currentTree |   | | | `-- supports-color@2.0.0
97 silly currentTree |   | | +-- is-my-json-valid@2.15.0
97 silly currentTree |   | | | +-- generate-function@2.0.0
97 silly currentTree |   | | | +-- generate-object-property@1.2.0
97 silly currentTree |   | | | | `-- is-property@1.0.2
97 silly currentTree |   | | | +-- jsonpointer@4.0.0
97 silly currentTree |   | | | `-- xtend@4.0.1
97 silly currentTree |   | | `-- pinkie-promise@2.0.1
97 silly currentTree |   | |   `-- pinkie@2.0.4
97 silly currentTree |   | +-- hawk@3.1.3
97 silly currentTree |   | | +-- boom@2.10.1
97 silly currentTree |   | | +-- cryptiles@2.0.5
97 silly currentTree |   | | +-- hoek@2.16.3
97 silly currentTree |   | | `-- sntp@1.0.9
97 silly currentTree |   | +-- http-signature@1.1.1
97 silly currentTree |   | | +-- assert-plus@0.2.0
97 silly currentTree |   | | +-- jsprim@1.3.1
97 silly currentTree |   | | | +-- extsprintf@1.0.2
97 silly currentTree |   | | | +-- json-schema@0.2.3
97 silly currentTree |   | | | `-- verror@1.3.6
97 silly currentTree |   | | `-- sshpk@1.10.1
97 silly currentTree |   | |   +-- asn1@0.2.3
97 silly currentTree |   | |   +-- assert-plus@1.0.0
97 silly currentTree |   | |   +-- bcrypt-pbkdf@1.0.0
97 silly currentTree |   | |   +-- dashdash@1.14.1
97 silly currentTree |   | |   +-- ecc-jsbn@0.1.1
97 silly currentTree |   | |   +-- getpass@0.1.6
97 silly currentTree |   | |   +-- jodid25519@1.0.2
97 silly currentTree |   | |   +-- jsbn@0.1.0
97 silly currentTree |   | |   `-- tweetnacl@0.14.4
97 silly currentTree |   | +-- is-typedarray@1.0.0
97 silly currentTree |   | +-- isstream@0.1.2
97 silly currentTree |   | +-- json-stringify-safe@5.0.1
97 silly currentTree |   | +-- mime-types@2.1.13
97 silly currentTree |   | | `-- mime-db@1.25.0
97 silly currentTree |   | +-- oauth-sign@0.8.2
97 silly currentTree |   | +-- qs@6.3.0
97 silly currentTree |   | +-- stringstream@0.0.5
97 silly currentTree |   | +-- tough-cookie@2.3.2
97 silly currentTree |   | | `-- punycode@1.4.1
97 silly currentTree |   | +-- tunnel-agent@0.4.3
97 silly currentTree |   | `-- uuid@3.0.1
97 silly currentTree |   +-- rimraf@2.5.4
97 silly currentTree |   | `-- glob@7.1.1
97 silly currentTree |   |   +-- fs.realpath@1.0.0
97 silly currentTree |   |   +-- inflight@1.0.6
97 silly currentTree |   |   | `-- wrappy@1.0.2
97 silly currentTree |   |   +-- inherits@2.0.3
97 silly currentTree |   |   +-- minimatch@3.0.3
97 silly currentTree |   |   | `-- brace-expansion@1.1.6
97 silly currentTree |   |   |   +-- balanced-match@0.4.2
97 silly currentTree |   |   |   `-- concat-map@0.0.1
97 silly currentTree |   |   +-- once@1.4.0
97 silly currentTree |   |   | `-- wrappy@1.0.2
97 silly currentTree |   |   `-- path-is-absolute@1.0.1
97 silly currentTree |   +-- semver@5.3.0
97 silly currentTree |   +-- tar-pack@3.3.0
97 silly currentTree |   | +-- debug@2.2.0
97 silly currentTree |   | | `-- ms@0.7.1
97 silly currentTree |   | +-- fstream-ignore@1.0.5
97 silly currentTree |   | | +-- inherits@2.0.3
97 silly currentTree |   | | `-- minimatch@3.0.3
97 silly currentTree |   | |   `-- brace-expansion@1.1.6
97 silly currentTree |   | |     +-- balanced-match@0.4.2
97 silly currentTree |   | |     `-- concat-map@0.0.1
97 silly currentTree |   | +-- fstream@1.0.10
97 silly currentTree |   | | +-- graceful-fs@4.1.11
97 silly currentTree |   | | `-- inherits@2.0.3
97 silly currentTree |   | +-- once@1.3.3
97 silly currentTree |   | | `-- wrappy@1.0.2
97 silly currentTree |   | +-- readable-stream@2.1.5
97 silly currentTree |   | | +-- buffer-shims@1.0.0
97 silly currentTree |   | | +-- core-util-is@1.0.2
97 silly currentTree |   | | +-- inherits@2.0.3
97 silly currentTree |   | | +-- isarray@1.0.0
97 silly currentTree |   | | +-- process-nextick-args@1.0.7
97 silly currentTree |   | | +-- string_decoder@0.10.31
97 silly currentTree |   | | `-- util-deprecate@1.0.2
97 silly currentTree |   | `-- uid-number@0.0.6
97 silly currentTree |   `-- tar@2.2.1
97 silly currentTree |     +-- block-stream@0.0.9
97 silly currentTree |     +-- fstream@1.0.10
97 silly currentTree |     | `-- graceful-fs@4.1.11
97 silly currentTree |     `-- inherits@2.0.3
97 silly currentTree +-- serve-static@1.11.1
97 silly currentTree +-- setprototypeof@1.0.2
97 silly currentTree +-- socket.io-adapter@0.5.0
97 silly currentTree | +-- debug@2.3.3
97 silly currentTree | `-- ms@0.7.2
97 silly currentTree +-- socket.io-client@1.7.2
97 silly currentTree | +-- component-emitter@1.2.1
97 silly currentTree | +-- debug@2.3.3
97 silly currentTree | `-- ms@0.7.2
97 silly currentTree +-- socket.io-parser@2.3.1
97 silly currentTree +-- socket.io@1.7.2
97 silly currentTree | +-- debug@2.3.3
97 silly currentTree | `-- ms@0.7.2
97 silly currentTree +-- statuses@1.3.1
97 silly currentTree +-- to-array@0.1.4
97 silly currentTree +-- type-is@1.6.14
97 silly currentTree +-- ultron@1.0.2
97 silly currentTree +-- unpipe@1.0.0
97 silly currentTree +-- utils-merge@1.0.0
97 silly currentTree +-- vary@1.1.0
97 silly currentTree +-- ws@1.1.1
97 silly currentTree +-- wtf-8@1.0.0
97 silly currentTree +-- xmlhttprequest-ssl@1.5.3
97 silly currentTree `-- yeast@0.1.2
98 silly idealTree dylodrone@1.0.0
98 silly idealTree +-- accepts@1.3.3
98 silly idealTree +-- after@0.8.2
98 silly idealTree +-- array-flatten@1.1.1
98 silly idealTree +-- arraybuffer.slice@0.0.6
98 silly idealTree +-- backo2@1.0.2
98 silly idealTree +-- base64-arraybuffer@0.1.5
98 silly idealTree +-- base64id@1.0.0
98 silly idealTree +-- better-assert@1.0.2
98 silly idealTree +-- bindings@1.2.1
98 silly idealTree +-- blob@0.0.4
98 silly idealTree +-- callsite@1.0.0
98 silly idealTree +-- commander@2.9.0
98 silly idealTree +-- component-bind@1.0.0
98 silly idealTree +-- component-emitter@1.1.2
98 silly idealTree +-- component-inherit@0.0.3
98 silly idealTree +-- content-disposition@0.5.1
98 silly idealTree +-- content-type@1.0.2
98 silly idealTree +-- cookie-signature@1.0.6
98 silly idealTree +-- cookie@0.3.1
98 silly idealTree +-- debug@2.2.0
98 silly idealTree +-- define-properties@1.1.2
98 silly idealTree +-- depd@1.1.0
98 silly idealTree +-- destroy@1.0.4
98 silly idealTree +-- ee-first@1.1.1
98 silly idealTree +-- ejs@2.5.5
98 silly idealTree +-- encodeurl@1.0.1
98 silly idealTree +-- engine.io-client@1.8.2
98 silly idealTree | +-- component-emitter@1.2.1
98 silly idealTree | +-- debug@2.3.3
98 silly idealTree | `-- ms@0.7.2
98 silly idealTree +-- engine.io-parser@1.3.2
98 silly idealTree +-- engine.io@1.8.2
98 silly idealTree | +-- debug@2.3.3
98 silly idealTree | `-- ms@0.7.2
98 silly idealTree +-- escape-html@1.0.3
98 silly idealTree +-- etag@1.7.0
98 silly idealTree +-- express@4.14.0
98 silly idealTree +-- fibers@1.0.15
98 silly idealTree +-- finalhandler@0.5.0
98 silly idealTree +-- foreach@2.0.5
98 silly idealTree +-- forwarded@0.1.0
98 silly idealTree +-- fresh@0.3.0
98 silly idealTree +-- function-bind@1.1.0
98 silly idealTree +-- graceful-readlink@1.0.1
98 silly idealTree +-- has-binary@0.1.7
98 silly idealTree +-- has-cors@1.1.0
98 silly idealTree +-- http-errors@1.5.1
98 silly idealTree +-- immediate@3.0.6
98 silly idealTree +-- indexof@0.0.1
98 silly idealTree +-- inherits@2.0.3
98 silly idealTree +-- ipaddr.js@1.1.1
98 silly idealTree +-- isarray@0.0.1
98 silly idealTree +-- jquery@3.1.1
98 silly idealTree +-- json3@3.3.2
98 silly idealTree +-- lie@3.1.0
98 silly idealTree +-- media-typer@0.3.0
98 silly idealTree +-- merge-descriptors@1.0.1
98 silly idealTree +-- methods@1.1.2
98 silly idealTree +-- mime-db@1.25.0
98 silly idealTree +-- mime-types@2.1.13
98 silly idealTree +-- mime@1.3.4
98 silly idealTree +-- ms@0.7.1
98 silly idealTree +-- multiwii-msp@0.0.3-beta-47
98 silly idealTree +-- nan@2.4.0
98 silly idealTree +-- negotiator@0.6.1
98 silly idealTree +-- nexusui@1.0.8
98 silly idealTree +-- object-assign@4.1.0
98 silly idealTree +-- object-component@0.0.3
98 silly idealTree +-- object-keys@1.0.11
98 silly idealTree +-- object.assign@4.0.4
98 silly idealTree +-- on-finished@2.3.0
98 silly idealTree +-- options@0.0.6
98 silly idealTree +-- parsejson@0.0.3
98 silly idealTree +-- parseqs@0.0.5
98 silly idealTree +-- parseuri@0.0.5
98 silly idealTree +-- parseurl@1.3.1
98 silly idealTree +-- path-to-regexp@0.1.7
98 silly idealTree +-- proxy-addr@1.1.2
98 silly idealTree +-- qs@6.2.0
98 silly idealTree +-- range-parser@1.2.0
98 silly idealTree +-- send@0.14.1
98 silly idealTree +-- serialport@4.0.7
98 silly idealTree | +-- debug@2.5.1
98 silly idealTree | +-- ms@0.7.2
98 silly idealTree | `-- node-pre-gyp@0.6.32
98 silly idealTree |   +-- mkdirp@0.5.1
98 silly idealTree |   | `-- minimist@0.0.8
98 silly idealTree |   +-- nopt@3.0.6
98 silly idealTree |   | `-- abbrev@1.0.9
98 silly idealTree |   +-- npmlog@4.0.1
98 silly idealTree |   | +-- are-we-there-yet@1.1.2
98 silly idealTree |   | | +-- delegates@1.0.0
98 silly idealTree |   | | `-- readable-stream@2.2.2
98 silly idealTree |   | |   +-- buffer-shims@1.0.0
98 silly idealTree |   | |   +-- core-util-is@1.0.2
98 silly idealTree |   | |   +-- inherits@2.0.3
98 silly idealTree |   | |   +-- isarray@1.0.0
98 silly idealTree |   | |   +-- process-nextick-args@1.0.7
98 silly idealTree |   | |   +-- string_decoder@0.10.31
98 silly idealTree |   | |   `-- util-deprecate@1.0.2
98 silly idealTree |   | +-- console-control-strings@1.1.0
98 silly idealTree |   | +-- gauge@2.7.2
98 silly idealTree |   | | +-- aproba@1.0.4
98 silly idealTree |   | | +-- has-unicode@2.0.1
98 silly idealTree |   | | +-- object-assign@4.1.0
98 silly idealTree |   | | +-- signal-exit@3.0.2
98 silly idealTree |   | | +-- string-width@1.0.2
98 silly idealTree |   | | | +-- code-point-at@1.1.0
98 silly idealTree |   | | | `-- is-fullwidth-code-point@1.0.0
98 silly idealTree |   | | |   `-- number-is-nan@1.0.1
98 silly idealTree |   | | +-- strip-ansi@3.0.1
98 silly idealTree |   | | | `-- ansi-regex@2.0.0
98 silly idealTree |   | | +-- supports-color@0.2.0
98 silly idealTree |   | | `-- wide-align@1.1.0
98 silly idealTree |   | `-- set-blocking@2.0.0
98 silly idealTree |   +-- rc@1.1.6
98 silly idealTree |   | +-- deep-extend@0.4.1
98 silly idealTree |   | +-- ini@1.3.4
98 silly idealTree |   | +-- minimist@1.2.0
98 silly idealTree |   | `-- strip-json-comments@1.0.4
98 silly idealTree |   +-- request@2.79.0
98 silly idealTree |   | +-- aws-sign2@0.6.0
98 silly idealTree |   | +-- aws4@1.5.0
98 silly idealTree |   | +-- caseless@0.11.0
98 silly idealTree |   | +-- combined-stream@1.0.5
98 silly idealTree |   | | `-- delayed-stream@1.0.0
98 silly idealTree |   | +-- extend@3.0.0
98 silly idealTree |   | +-- forever-agent@0.6.1
98 silly idealTree |   | +-- form-data@2.1.2
98 silly idealTree |   | | `-- asynckit@0.4.0
98 silly idealTree |   | +-- har-validator@2.0.6
98 silly idealTree |   | | +-- chalk@1.1.3
98 silly idealTree |   | | | +-- ansi-styles@2.2.1
98 silly idealTree |   | | | +-- escape-string-regexp@1.0.5
98 silly idealTree |   | | | +-- has-ansi@2.0.0
98 silly idealTree |   | | | | `-- ansi-regex@2.0.0
98 silly idealTree |   | | | +-- strip-ansi@3.0.1
98 silly idealTree |   | | | | `-- ansi-regex@2.0.0
98 silly idealTree |   | | | `-- supports-color@2.0.0
98 silly idealTree |   | | +-- is-my-json-valid@2.15.0
98 silly idealTree |   | | | +-- generate-function@2.0.0
98 silly idealTree |   | | | +-- generate-object-property@1.2.0
98 silly idealTree |   | | | | `-- is-property@1.0.2
98 silly idealTree |   | | | +-- jsonpointer@4.0.0
98 silly idealTree |   | | | `-- xtend@4.0.1
98 silly idealTree |   | | `-- pinkie-promise@2.0.1
98 silly idealTree |   | |   `-- pinkie@2.0.4
98 silly idealTree |   | +-- hawk@3.1.3
98 silly idealTree |   | | +-- boom@2.10.1
98 silly idealTree |   | | +-- cryptiles@2.0.5
98 silly idealTree |   | | +-- hoek@2.16.3
98 silly idealTree |   | | `-- sntp@1.0.9
98 silly idealTree |   | +-- http-signature@1.1.1
98 silly idealTree |   | | +-- assert-plus@0.2.0
98 silly idealTree |   | | +-- jsprim@1.3.1
98 silly idealTree |   | | | +-- extsprintf@1.0.2
98 silly idealTree |   | | | +-- json-schema@0.2.3
98 silly idealTree |   | | | `-- verror@1.3.6
98 silly idealTree |   | | `-- sshpk@1.10.1
98 silly idealTree |   | |   +-- asn1@0.2.3
98 silly idealTree |   | |   +-- assert-plus@1.0.0
98 silly idealTree |   | |   +-- bcrypt-pbkdf@1.0.0
98 silly idealTree |   | |   +-- dashdash@1.14.1
98 silly idealTree |   | |   +-- ecc-jsbn@0.1.1
98 silly idealTree |   | |   +-- getpass@0.1.6
98 silly idealTree |   | |   +-- jodid25519@1.0.2
98 silly idealTree |   | |   +-- jsbn@0.1.0
98 silly idealTree |   | |   `-- tweetnacl@0.14.4
98 silly idealTree |   | +-- is-typedarray@1.0.0
98 silly idealTree |   | +-- isstream@0.1.2
98 silly idealTree |   | +-- json-stringify-safe@5.0.1
98 silly idealTree |   | +-- mime-types@2.1.13
98 silly idealTree |   | | `-- mime-db@1.25.0
98 silly idealTree |   | +-- oauth-sign@0.8.2
98 silly idealTree |   | +-- qs@6.3.0
98 silly idealTree |   | +-- stringstream@0.0.5
98 silly idealTree |   | +-- tough-cookie@2.3.2
98 silly idealTree |   | | `-- punycode@1.4.1
98 silly idealTree |   | +-- tunnel-agent@0.4.3
98 silly idealTree |   | `-- uuid@3.0.1
98 silly idealTree |   +-- rimraf@2.5.4
98 silly idealTree |   | `-- glob@7.1.1
98 silly idealTree |   |   +-- fs.realpath@1.0.0
98 silly idealTree |   |   +-- inflight@1.0.6
98 silly idealTree |   |   | `-- wrappy@1.0.2
98 silly idealTree |   |   +-- inherits@2.0.3
98 silly idealTree |   |   +-- minimatch@3.0.3
98 silly idealTree |   |   | `-- brace-expansion@1.1.6
98 silly idealTree |   |   |   +-- balanced-match@0.4.2
98 silly idealTree |   |   |   `-- concat-map@0.0.1
98 silly idealTree |   |   +-- once@1.4.0
98 silly idealTree |   |   | `-- wrappy@1.0.2
98 silly idealTree |   |   `-- path-is-absolute@1.0.1
98 silly idealTree |   +-- semver@5.3.0
98 silly idealTree |   +-- tar-pack@3.3.0
98 silly idealTree |   | +-- debug@2.2.0
98 silly idealTree |   | | `-- ms@0.7.1
98 silly idealTree |   | +-- fstream-ignore@1.0.5
98 silly idealTree |   | | +-- inherits@2.0.3
98 silly idealTree |   | | `-- minimatch@3.0.3
98 silly idealTree |   | |   `-- brace-expansion@1.1.6
98 silly idealTree |   | |     +-- balanced-match@0.4.2
98 silly idealTree |   | |     `-- concat-map@0.0.1
98 silly idealTree |   | +-- fstream@1.0.10
98 silly idealTree |   | | +-- graceful-fs@4.1.11
98 silly idealTree |   | | `-- inherits@2.0.3
98 silly idealTree |   | +-- once@1.3.3
98 silly idealTree |   | | `-- wrappy@1.0.2
98 silly idealTree |   | +-- readable-stream@2.1.5
98 silly idealTree |   | | +-- buffer-shims@1.0.0
98 silly idealTree |   | | +-- core-util-is@1.0.2
98 silly idealTree |   | | +-- inherits@2.0.3
98 silly idealTree |   | | +-- isarray@1.0.0
98 silly idealTree |   | | +-- process-nextick-args@1.0.7
98 silly idealTree |   | | +-- string_decoder@0.10.31
98 silly idealTree |   | | `-- util-deprecate@1.0.2
98 silly idealTree |   | `-- uid-number@0.0.6
98 silly idealTree |   `-- tar@2.2.1
98 silly idealTree |     +-- block-stream@0.0.9
98 silly idealTree |     +-- fstream@1.0.10
98 silly idealTree |     | `-- graceful-fs@4.1.11
98 silly idealTree |     `-- inherits@2.0.3
98 silly idealTree +-- serve-static@1.11.1
98 silly idealTree +-- setprototypeof@1.0.2
98 silly idealTree +-- socket.io-adapter@0.5.0
98 silly idealTree | +-- debug@2.3.3
98 silly idealTree | `-- ms@0.7.2
98 silly idealTree +-- socket.io-client@1.7.2
98 silly idealTree | +-- component-emitter@1.2.1
98 silly idealTree | +-- debug@2.3.3
98 silly idealTree | `-- ms@0.7.2
98 silly idealTree +-- socket.io-parser@2.3.1
98 silly idealTree +-- socket.io@1.7.2
98 silly idealTree | +-- debug@2.3.3
98 silly idealTree | `-- ms@0.7.2
98 silly idealTree +-- statuses@1.3.1
98 silly idealTree +-- to-array@0.1.4
98 silly idealTree +-- type-is@1.6.14
98 silly idealTree +-- ultron@1.0.2
98 silly idealTree +-- unpipe@1.0.0
98 silly idealTree +-- utils-merge@1.0.0
98 silly idealTree +-- vary@1.1.0
98 silly idealTree +-- ws@1.1.1
98 silly idealTree +-- wtf-8@1.0.0
98 silly idealTree +-- xmlhttprequest-ssl@1.5.3
98 silly idealTree `-- yeast@0.1.2
99 silly generateActionsToTake Starting
100 silly install generateActionsToTake
101 silly generateActionsToTake Finishing
102 silly diffTrees action count 2
103 silly diffTrees add fibers@1.0.15
104 silly diffTrees add multiwii-msp@0.0.3-beta-47
105 silly decomposeActions action count 16
106 silly decomposeActions fetch fibers@1.0.15
107 silly decomposeActions extract fibers@1.0.15
108 silly decomposeActions test fibers@1.0.15
109 silly decomposeActions preinstall fibers@1.0.15
110 silly decomposeActions build fibers@1.0.15
111 silly decomposeActions install fibers@1.0.15
112 silly decomposeActions postinstall fibers@1.0.15
113 silly decomposeActions finalize fibers@1.0.15
114 silly decomposeActions fetch multiwii-msp@0.0.3-beta-47
115 silly decomposeActions extract multiwii-msp@0.0.3-beta-47
116 silly decomposeActions test multiwii-msp@0.0.3-beta-47
117 silly decomposeActions preinstall multiwii-msp@0.0.3-beta-47
118 silly decomposeActions build multiwii-msp@0.0.3-beta-47
119 silly decomposeActions install multiwii-msp@0.0.3-beta-47
120 silly decomposeActions postinstall multiwii-msp@0.0.3-beta-47
121 silly decomposeActions finalize multiwii-msp@0.0.3-beta-47
122 silly runTopLevelLifecycles Starting
123 silly install runPreinstallTopLevelLifecycles
124 silly preinstall dylodrone@1.0.0 C:\Users\saino\Documents\dylodrone\dylodrone-c8396339
125 info lifecycle dylodrone@1.0.0~preinstall: dylodrone@1.0.0
126 silly lifecycle dylodrone@1.0.0~preinstall: no script for preinstall, continuing
127 silly executeActions Starting
128 silly install executeActions
129 silly doSerial global-install 0
130 silly doParallel fetch 2
131 verbose correctMkdir C:\Users\saino\AppData\Roaming\npm-cache\_locks correctMkdir not in flight; initializing
132 verbose lock using C:\Users\saino\AppData\Roaming\npm-cache\_locks\staging-0641b476c4a8a26e.lock for C:\Users\saino\Documents\dylodrone\node_modules\.staging
133 silly doParallel extract 2
134 silly extract fibers@1.0.15
135 silly extract multiwii-msp@0.0.3-beta-47
136 verbose unbuild node_modules\.staging\fibers-afd754f9
137 verbose unbuild node_modules\.staging\multiwii-msp-c664f6fe
138 silly gentlyRm C:\Users\saino\Documents\dylodrone\node_modules\.staging\fibers-afd754f9 is being purged from base C:\Users\saino\Documents\dylodrone
139 verbose gentlyRm don't care about contents; nuking C:\Users\saino\Documents\dylodrone\node_modules\.staging\fibers-afd754f9
140 silly gentlyRm C:\Users\saino\Documents\dylodrone\node_modules\.staging\multiwii-msp-c664f6fe is being purged from base C:\Users\saino\Documents\dylodrone
141 verbose gentlyRm don't care about contents; nuking C:\Users\saino\Documents\dylodrone\node_modules\.staging\multiwii-msp-c664f6fe
142 verbose tar unpack C:\Users\saino\AppData\Roaming\npm-cache\fibers\1.0.15\package.tgz
143 verbose tar unpacking to C:\Users\saino\Documents\dylodrone\node_modules\.staging\fibers-afd754f9
144 silly gentlyRm C:\Users\saino\Documents\dylodrone\node_modules\.staging\fibers-afd754f9 is being purged
145 verbose gentlyRm don't care about contents; nuking C:\Users\saino\Documents\dylodrone\node_modules\.staging\fibers-afd754f9
146 verbose tar unpack C:\Users\saino\AppData\Roaming\npm-cache\multiwii-msp\0.0.3-beta-47\package.tgz
147 verbose tar unpacking to C:\Users\saino\Documents\dylodrone\node_modules\.staging\multiwii-msp-c664f6fe
148 silly gentlyRm C:\Users\saino\Documents\dylodrone\node_modules\.staging\multiwii-msp-c664f6fe is being purged
149 verbose gentlyRm don't care about contents; nuking C:\Users\saino\Documents\dylodrone\node_modules\.staging\multiwii-msp-c664f6fe
150 silly gunzTarPerm modes [ '777', '666' ]
151 silly gunzTarPerm modes [ '777', '666' ]
152 silly gunzTarPerm extractEntry package.json
153 silly gunzTarPerm extractEntry package.json
154 silly gunzTarPerm modified mode [ 'package.json', 420, 438 ]
155 silly gunzTarPerm extractEntry .npmignore
156 silly gunzTarPerm extractEntry README.md
157 silly gunzTarPerm extractEntry .npmignore
158 silly gunzTarPerm modified mode [ '.npmignore', 420, 438 ]
159 silly gunzTarPerm extractEntry README.md
160 silly gunzTarPerm modified mode [ 'README.md', 420, 438 ]
161 silly gunzTarPerm extractEntry LICENSE
162 silly gunzTarPerm modified mode [ 'LICENSE', 420, 438 ]
163 silly gunzTarPerm extractEntry LICENSE
164 silly gunzTarPerm extractEntry index.js
165 silly gunzTarPerm extractEntry quick-test.js
166 silly gunzTarPerm modified mode [ 'quick-test.js', 420, 438 ]
167 silly gunzTarPerm extractEntry future.js
168 silly gunzTarPerm modified mode [ 'future.js', 420, 438 ]
169 silly gunzTarPerm extractEntry fibers.js
170 silly gunzTarPerm modified mode [ 'fibers.js', 420, 438 ]
171 silly gunzTarPerm extractEntry test.js
172 silly gunzTarPerm extractEntry api.md
173 silly gunzTarPerm extractEntry lib/Device.js
174 silly gunzTarPerm extractEntry test.js
175 silly gunzTarPerm modified mode [ 'test.js', 493, 511 ]
176 silly gunzTarPerm extractEntry build.js
177 silly gunzTarPerm modified mode [ 'build.js', 493, 511 ]
178 silly gunzTarPerm extractEntry lib/MspProtocol.js
179 silly gunzTarPerm extractEntry lib/TcpClient.js
180 silly gunzTarPerm extractEntry .travis.yml
181 silly gunzTarPerm modified mode [ '.travis.yml', 420, 438 ]
182 silly gunzTarPerm extractEntry binding.gyp
183 silly gunzTarPerm modified mode [ 'binding.gyp', 420, 438 ]
184 silly gunzTarPerm extractEntry lib/TcpPackageManager.js
185 silly gunzTarPerm extractEntry lib/TcpProtocol.js
186 silly gunzTarPerm extractEntry bin/.npmignore
187 silly gunzTarPerm modified mode [ 'bin/.npmignore', 420, 438 ]
188 silly gunzTarPerm extractEntry bin/win32-x64-48/fibers.node
189 silly gunzTarPerm modified mode [ 'bin/win32-x64-48/fibers.node', 420, 438 ]
190 silly gunzTarPerm extractEntry lib/TcpServer.js
191 silly gunzTarPerm extractEntry bin/darwin-ia32-48/fibers.node
192 silly gunzTarPerm modified mode [ 'bin/darwin-ia32-48/fibers.node', 493, 511 ]
193 silly gunzTarPerm extractEntry bin/darwin-x64-46/fibers.node
194 silly gunzTarPerm modified mode [ 'bin/darwin-x64-46/fibers.node', 493, 511 ]
195 silly gunzTarPerm extractEntry bin/darwin-x64-48/fibers.node
196 silly gunzTarPerm modified mode [ 'bin/darwin-x64-48/fibers.node', 493, 511 ]
197 silly gunzTarPerm extractEntry bin/linux-ia32-46/fibers.node
198 silly gunzTarPerm modified mode [ 'bin/linux-ia32-46/fibers.node', 493, 511 ]
199 silly gunzTarPerm extractEntry bin/linux-ia32-48/fibers.node
200 silly gunzTarPerm modified mode [ 'bin/linux-ia32-48/fibers.node', 493, 511 ]
201 silly gunzTarPerm extractEntry bin/darwin-ia32-46/fibers.node
202 silly gunzTarPerm modified mode [ 'bin/darwin-ia32-46/fibers.node', 493, 511 ]
203 silly gunzTarPerm extractEntry bin/linux-x64-48/fibers.node
204 silly gunzTarPerm modified mode [ 'bin/linux-x64-48/fibers.node', 493, 511 ]
205 silly gunzTarPerm extractEntry bin/repl
206 silly gunzTarPerm modified mode [ 'bin/repl', 493, 511 ]
207 silly gunzTarPerm extractEntry bin/win32-ia32-46/fibers.node
208 silly gunzTarPerm modified mode [ 'bin/win32-ia32-46/fibers.node', 420, 438 ]
209 silly gunzTarPerm extractEntry bin/win32-ia32-48/fibers.node
210 silly gunzTarPerm modified mode [ 'bin/win32-ia32-48/fibers.node', 420, 438 ]
211 silly gunzTarPerm extractEntry bin/win32-x64-46/fibers.node
212 silly gunzTarPerm modified mode [ 'bin/win32-x64-46/fibers.node', 420, 438 ]
213 silly gunzTarPerm extractEntry bin/linux-x64-46/fibers.node
214 silly gunzTarPerm modified mode [ 'bin/linux-x64-46/fibers.node', 493, 511 ]
215 silly gunzTarPerm extractEntry src/coroutine.cc
216 silly gunzTarPerm modified mode [ 'src/coroutine.cc', 420, 438 ]
217 silly gentlyRm C:\Users\saino\Documents\dylodrone\node_modules\.staging\multiwii-msp-c664f6fe\node_modules is being purged
218 verbose gentlyRm don't care about contents; nuking C:\Users\saino\Documents\dylodrone\node_modules\.staging\multiwii-msp-c664f6fe\node_modules
219 silly gunzTarPerm extractEntry src/coroutine.h
220 silly gunzTarPerm modified mode [ 'src/coroutine.h', 420, 438 ]
221 silly gunzTarPerm extractEntry src/fibers.cc
222 silly gunzTarPerm modified mode [ 'src/fibers.cc', 420, 438 ]
223 silly gunzTarPerm extractEntry src/libcoro/README
224 silly gunzTarPerm modified mode [ 'src/libcoro/README', 420, 438 ]
225 silly gunzTarPerm extractEntry src/libcoro/LICENSE
226 silly gunzTarPerm modified mode [ 'src/libcoro/LICENSE', 420, 438 ]
227 silly gunzTarPerm extractEntry src/libcoro/conftest.c
228 silly gunzTarPerm modified mode [ 'src/libcoro/conftest.c', 420, 438 ]
229 silly gunzTarPerm extractEntry src/libcoro/coro.c
230 silly gunzTarPerm modified mode [ 'src/libcoro/coro.c', 420, 438 ]
231 silly gunzTarPerm extractEntry src/libcoro/coro.h
232 silly gunzTarPerm modified mode [ 'src/libcoro/coro.h', 420, 438 ]
233 silly gunzTarPerm extractEntry src/v8-version.h
234 silly gunzTarPerm modified mode [ 'src/v8-version.h', 420, 438 ]
235 silly gunzTarPerm extractEntry test/already-running.js
236 silly gunzTarPerm modified mode [ 'test/already-running.js', 420, 438 ]
237 silly gunzTarPerm extractEntry test/exit.js
238 silly gunzTarPerm modified mode [ 'test/exit.js', 420, 438 ]
239 silly gunzTarPerm extractEntry test/fibonacci.js
240 silly gunzTarPerm modified mode [ 'test/fibonacci.js', 420, 438 ]
241 silly gunzTarPerm extractEntry test/finish-multiple.js
242 silly gunzTarPerm modified mode [ 'test/finish-multiple.js', 420, 438 ]
243 silly gunzTarPerm extractEntry test/exec.js
244 silly gunzTarPerm modified mode [ 'test/exec.js', 420, 438 ]
245 silly gunzTarPerm extractEntry test/future.js
246 silly gunzTarPerm modified mode [ 'test/future.js', 420, 438 ]
247 silly gunzTarPerm extractEntry test/illegal-yield.js
248 silly gunzTarPerm modified mode [ 'test/illegal-yield.js', 420, 438 ]
249 silly gunzTarPerm extractEntry test/pool.js
250 silly gunzTarPerm modified mode [ 'test/pool.js', 420, 438 ]
251 silly gunzTarPerm extractEntry test/process-title.js
252 silly gunzTarPerm modified mode [ 'test/process-title.js', 420, 438 ]
253 silly gunzTarPerm extractEntry test/stack-overflow.js
254 silly gunzTarPerm modified mode [ 'test/stack-overflow.js', 420, 438 ]
255 silly gunzTarPerm extractEntry test/current.js
256 silly gunzTarPerm modified mode [ 'test/current.js', 420, 438 ]
257 silly gunzTarPerm extractEntry test/stack-overflow2.js
258 silly gunzTarPerm modified mode [ 'test/stack-overflow2.js', 493, 511 ]
259 silly gunzTarPerm extractEntry test/child-process.js
260 silly gunzTarPerm modified mode [ 'test/child-process.js', 420, 438 ]
261 silly gunzTarPerm extractEntry test/started.js
262 silly gunzTarPerm modified mode [ 'test/started.js', 420, 438 ]
263 silly gunzTarPerm extractEntry test/bad-context.js
264 silly gunzTarPerm modified mode [ 'test/bad-context.js', 420, 438 ]
265 silly gunzTarPerm extractEntry test/unwind.js
266 silly gunzTarPerm modified mode [ 'test/unwind.js', 420, 438 ]
267 silly gunzTarPerm extractEntry test/future-exception.js
268 silly gunzTarPerm modified mode [ 'test/future-exception.js', 420, 438 ]
269 silly gentlyRm C:\Users\saino\Documents\dylodrone\node_modules\.staging\fibers-afd754f9\node_modules is being purged
270 verbose gentlyRm don't care about contents; nuking C:\Users\saino\Documents\dylodrone\node_modules\.staging\fibers-afd754f9\node_modules
271 silly doParallel preinstall 2
272 silly preinstall fibers@1.0.15 C:\Users\saino\Documents\dylodrone\node_modules\.staging\fibers-afd754f9
273 info lifecycle fibers@1.0.15~preinstall: fibers@1.0.15
274 silly preinstall multiwii-msp@0.0.3-beta-47 C:\Users\saino\Documents\dylodrone\node_modules\.staging\multiwii-msp-c664f6fe
275 info lifecycle multiwii-msp@0.0.3-beta-47~preinstall: multiwii-msp@0.0.3-beta-47
276 silly lifecycle fibers@1.0.15~preinstall: no script for preinstall, continuing
277 silly lifecycle multiwii-msp@0.0.3-beta-47~preinstall: no script for preinstall, continuing
278 silly doReverseSerial remove 0
279 silly doSerial move 0
280 silly doSerial finalize 2
281 silly finalize C:\Users\saino\Documents\dylodrone\node_modules\fibers
282 silly finalize C:\Users\saino\Documents\dylodrone\node_modules\multiwii-msp
283 silly doSerial build 2
284 silly build fibers@1.0.15
285 info linkStuff fibers@1.0.15
286 silly linkStuff fibers@1.0.15 has C:\Users\saino\Documents\dylodrone\node_modules as its parent node_modules
287 verbose linkBins fibers@1.0.15
288 verbose linkMans fibers@1.0.15
289 silly build multiwii-msp@0.0.3-beta-47
290 info linkStuff multiwii-msp@0.0.3-beta-47
291 silly linkStuff multiwii-msp@0.0.3-beta-47 has C:\Users\saino\Documents\dylodrone\node_modules as its parent node_modules
292 verbose linkBins multiwii-msp@0.0.3-beta-47
293 verbose linkMans multiwii-msp@0.0.3-beta-47
294 silly doSerial global-link 0
295 silly doParallel update-linked 0
296 silly doSerial install 2
297 silly install fibers@1.0.15 C:\Users\saino\Documents\dylodrone\node_modules\.staging\fibers-afd754f9
298 info lifecycle fibers@1.0.15~install: fibers@1.0.15
299 verbose lifecycle fibers@1.0.15~install: unsafe-perm in lifecycle true
300 verbose lifecycle fibers@1.0.15~install: PATH: C:\Program Files\nodejs\node_modules\npm\bin\node-gyp-bin;C:\Users\saino\Documents\dylodrone\node_modules\fibers\node_modules\.bin;C:\Users\saino\Documents\dylodrone\node_modules\.bin;C:\ProgramData\Oracle\Java\javapath;C:\sybase\DataAccess\ADONET\dll;C:\sybase\DataAccess64\ODBC\dll;C:\sybase\DataAccess\ODBC\dll;C:\sybase\DataAccess64\OLEDB\dll;C:\sybase\DataAccess\OLEDB\dll;C:\sybase\OCS-15_0\lib3p64;C:\sybase\OCS-15_0\lib3p;C:\sybase\OCS-15_0\dll;C:\sybase\OCS-15_0\bin;C:\Windows\system32;C:\Windows;C:\Windows\System32\Wbem;C:\Windows\System32\WindowsPowerShell\v1.0\;C:\Program Files (x86)\Novell\ZENworks\bin;C:\Program Files (x86)\Sybase\Shared\PowerBuilder\;C:\Windows\system32\config\systemprofile\.dnx\bin;C:\Program Files\Microsoft DNX\Dnvm\;C:\Program Files\Microsoft SQL Server\120\Tools\Binn\;C:\Program Files (x86)\Microsoft SQL Server\Client SDK\ODBC\130\Tools\Binn\;C:\Program Files (x86)\Microsoft SQL Server\130\Tools\Binn\;C:\Program Files (x86)\Microsoft SQL Server\130\DTS\Binn\;C:\Program Files (x86)\Microsoft SQL Server\130\Tools\Binn\ManagementStudio\;C:\Program Files\nodejs\;C:\Program Files\TortoiseSVN\bin;C:\Program Files\Git\cmd;C:\Users\saino\.dnx\bin;C:\Program Files (x86)\Microsoft VS Code\bin;C:\Users\saino\AppData\Roaming\npm
301 verbose lifecycle fibers@1.0.15~install: CWD: C:\Users\saino\Documents\dylodrone\node_modules\fibers
302 silly lifecycle fibers@1.0.15~install: Args: [ '/d /s /c', 'node build.js || nodejs build.js' ]
303 silly lifecycle fibers@1.0.15~install: Returned: code: 1  signal: null
304 info lifecycle fibers@1.0.15~install: Failed to exec install script
305 verbose unlock done using C:\Users\saino\AppData\Roaming\npm-cache\_locks\staging-0641b476c4a8a26e.lock for C:\Users\saino\Documents\dylodrone\node_modules\.staging
306 silly rollbackFailedOptional Starting
307 silly rollbackFailedOptional Finishing
308 silly runTopLevelLifecycles Finishing
309 silly install printInstalled
310 verbose stack Error: fibers@1.0.15 install: `node build.js || nodejs build.js`
310 verbose stack Exit status 1
310 verbose stack     at EventEmitter.<anonymous> (C:\Program Files\nodejs\node_modules\npm\lib\utils\lifecycle.js:255:16)
310 verbose stack     at emitTwo (events.js:106:13)
310 verbose stack     at EventEmitter.emit (events.js:191:7)
310 verbose stack     at ChildProcess.<anonymous> (C:\Program Files\nodejs\node_modules\npm\lib\utils\spawn.js:40:14)
310 verbose stack     at emitTwo (events.js:106:13)
310 verbose stack     at ChildProcess.emit (events.js:191:7)
310 verbose stack     at maybeClose (internal/child_process.js:885:16)
310 verbose stack     at Process.ChildProcess._handle.onexit (internal/child_process.js:226:5)
311 verbose pkgid fibers@1.0.15
312 verbose cwd C:\Users\saino\Documents\dylodrone
313 error Windows_NT 6.1.7601
314 error argv "C:\\Program Files\\nodejs\\node.exe" "C:\\Program Files\\nodejs\\node_modules\\npm\\bin\\npm-cli.js" "i"
315 error node v7.1.0
316 error npm  v3.10.9
317 error code ELIFECYCLE
318 error fibers@1.0.15 install: `node build.js || nodejs build.js`
318 error Exit status 1
319 error Failed at the fibers@1.0.15 install script 'node build.js || nodejs build.js'.
319 error Make sure you have the latest version of node.js and npm installed.
319 error If you do, this is most likely a problem with the fibers package,
319 error not with npm itself.
319 error Tell the author that this fails on your system:
319 error     node build.js || nodejs build.js
319 error You can get information on how to open an issue for this project with:
319 error     npm bugs fibers
319 error Or if that isn't available, you can get their info via:
319 error     npm owner ls fibers
319 error There is likely additional logging output above.
320 verbose exit [ 1, true ]
